# JRE version: Java(TM) SE Runtime Environment (9.0+11) (build 9.0.4+11)
# Java VM: Java HotSpot(TM) 64-Bit Server VM (9.0.4+11, mixed mode, tiered, compressed oops, g1 gc, bsd-amd64)
Heap:
 garbage-first heap   total 131072K, used 109521K [0x0000000740000000, 0x0000000740100400, 0x00000007c0000000)
  region size 1024K, 8 young (8192K), 2 survivors (2048K)
 Metaspace       used 25701K, capacity 27970K, committed 28160K, reserved 1073152K
  class space    used 3311K, capacity 3729K, committed 3840K, reserved 1048576K
GC Heap History (10 events):
Event: 30.000 GC heap before
{Heap before GC invocations=16 (full 0):
 garbage-first heap   total 131072K, used 107716K [0x0000000740000000, 0x0000000740100400, 0x00000007c0000000)
  region size 1024K, 23 young (23552K), 1 survivors (1024K)
 Metaspace       used 25483K, capacity 27680K, committed 27776K, reserved 1073152K
  class space    used 3297K, capacity 3696K, committed 3712K, reserved 1048576K
}
Event: 30.001 GC heap after
{Heap after GC invocations=17 (full 0):
 garbage-first heap   total 131072K, used 85231K [0x0000000740000000, 0x0000000740100400, 0x00000007c0000000)
  region size 1024K, 2 young (2048K), 2 survivors (2048K)
 Metaspace       used 25483K, capacity 27680K, committed 27776K, reserved 1073152K
  class space    used 3297K, capacity 3696K, committed 3712K, reserved 1048576K
}
Event: 34.283 GC heap before
{Heap before GC invocations=18 (full 0):
 garbage-first heap   total 131072K, used 107759K [0x0000000740000000, 0x0000000740100400, 0x00000007c0000000)
  region size 1024K, 24 young (24576K), 2 survivors (2048K)
 Metaspace       used 25576K, capacity 27808K, committed 28032K, reserved 1073152K
  class space    used 3297K, capacity 3696K, committed 3712K, reserved 1048576K
}
Event: 34.285 GC heap after
{Heap after GC invocations=19 (full 0):
 garbage-first heap   total 131072K, used 85205K [0x0000000740000000, 0x0000000740100400, 0x00000007c0000000)
  region size 1024K, 1 young (1024K), 1 survivors (1024K)
 Metaspace       used 25576K, capacity 27808K, committed 28032K, reserved 1073152K
  class space    used 3297K, capacity 3696K, committed 3712K, reserved 1048576K
}
Event: 36.866 GC heap before
{Heap before GC invocations=19 (full 0):
 garbage-first heap   total 131072K, used 99541K [0x0000000740000000, 0x0000000740100400, 0x00000007c0000000)
  region size 1024K, 16 young (16384K), 1 survivors (1024K)
 Metaspace       used 25602K, capacity 27872K, committed 28032K, reserved 1073152K
  class space    used 3297K, capacity 3696K, committed 3712K, reserved 1048576K
}
Event: 36.869 GC heap after
{Heap after GC invocations=20 (full 0):
 garbage-first heap   total 131072K, used 85267K [0x0000000740000000, 0x0000000740100400, 0x00000007c0000000)
  region size 1024K, 2 young (2048K), 2 survivors (2048K)
 Metaspace       used 25602K, capacity 27872K, committed 28032K, reserved 1073152K
  class space    used 3297K, capacity 3696K, committed 3712K, reserved 1048576K
}
Event: 36.904 GC heap before
{Heap before GC invocations=21 (full 0):
 garbage-first heap   total 131072K, used 92435K [0x0000000740000000, 0x0000000740100400, 0x00000007c0000000)
  region size 1024K, 3 young (3072K), 2 survivors (2048K)
 Metaspace       used 25603K, capacity 27872K, committed 28032K, reserved 1073152K
  class space    used 3297K, capacity 3696K, committed 3712K, reserved 1048576K
}
Event: 36.907 GC heap after
{Heap after GC invocations=22 (full 0):
 garbage-first heap   total 131072K, used 92425K [0x0000000740000000, 0x0000000740100400, 0x00000007c0000000)
  region size 1024K, 2 young (2048K), 2 survivors (2048K)
 Metaspace       used 25603K, capacity 27872K, committed 28032K, reserved 1073152K
  class space    used 3297K, capacity 3696K, committed 3712K, reserved 1048576K
}
Event: 36.979 GC heap before
{Heap before GC invocations=23 (full 0):
 garbage-first heap   total 131072K, used 102665K [0x0000000740000000, 0x0000000740100400, 0x00000007c0000000)
  region size 1024K, 4 young (4096K), 2 survivors (2048K)
 Metaspace       used 25629K, capacity 27904K, committed 28160K, reserved 1073152K
  class space    used 3300K, capacity 3728K, committed 3840K, reserved 1048576K
}
Event: 36.981 GC heap after
{Heap after GC invocations=24 (full 0):
 garbage-first heap   total 131072K, used 102353K [0x0000000740000000, 0x0000000740100400, 0x00000007c0000000)
  region size 1024K, 2 young (2048K), 2 survivors (2048K)
 Metaspace       used 25629K, capacity 27904K, committed 28160K, reserved 1073152K
  class space    used 3300K, capacity 3728K, committed 3840K, reserved 1048576K
}

