# JRE version: Java(TM) SE Runtime Environment (9.0+11) (build 9.0.4+11)
# Java VM: Java HotSpot(TM) 64-Bit Server VM (9.0.4+11, mixed mode, tiered, compressed oops, g1 gc, bsd-amd64)
Heap:
 garbage-first heap   total 393216K, used 158514K [0x0000000740000000, 0x0000000740100c00, 0x00000007c0000000)
  region size 1024K, 60 young (61440K), 6 survivors (6144K)
 Metaspace       used 25611K, capacity 27904K, committed 28160K, reserved 1073152K
  class space    used 3307K, capacity 3730K, committed 3840K, reserved 1048576K
GC Heap History (10 events):
Event: 2.038 GC heap before
{Heap before GC invocations=2 (full 0):
 garbage-first heap   total 131072K, used 34368K [0x0000000740000000, 0x0000000740100400, 0x00000007c0000000)
  region size 1024K, 18 young (18432K), 1 survivors (1024K)
 Metaspace       used 19795K, capacity 21182K, committed 21296K, reserved 1069056K
  class space    used 2431K, capacity 2723K, committed 2816K, reserved 1048576K
}
Event: 2.051 GC heap after
{Heap after GC invocations=3 (full 0):
 garbage-first heap   total 131072K, used 14827K [0x0000000740000000, 0x0000000740100400, 0x00000007c0000000)
  region size 1024K, 3 young (3072K), 3 survivors (3072K)
 Metaspace       used 19795K, capacity 21182K, committed 21296K, reserved 1069056K
  class space    used 2431K, capacity 2723K, committed 2816K, reserved 1048576K
}
Event: 6.866 GC heap before
{Heap before GC invocations=4 (full 0):
 garbage-first heap   total 131072K, used 85483K [0x0000000740000000, 0x0000000740100400, 0x00000007c0000000)
  region size 1024K, 64 young (65536K), 3 survivors (3072K)
 Metaspace       used 24342K, capacity 26528K, committed 26752K, reserved 1073152K
  class space    used 3256K, capacity 3650K, committed 3712K, reserved 1048576K
}
Event: 6.875 GC heap after
{Heap after GC invocations=5 (full 0):
 garbage-first heap   total 393216K, used 20324K [0x0000000740000000, 0x0000000740100c00, 0x00000007c0000000)
  region size 1024K, 5 young (5120K), 5 survivors (5120K)
 Metaspace       used 24342K, capacity 26528K, committed 26752K, reserved 1073152K
  class space    used 3256K, capacity 3650K, committed 3712K, reserved 1048576K
}
Event: 13.677 GC heap before
{Heap before GC invocations=6 (full 0):
 garbage-first heap   total 393216K, used 210788K [0x0000000740000000, 0x0000000740100c00, 0x00000007c0000000)
  region size 1024K, 127 young (130048K), 5 survivors (5120K)
 Metaspace       used 25148K, capacity 27422K, committed 27520K, reserved 1073152K
  class space    used 3294K, capacity 3697K, committed 3712K, reserved 1048576K
}
Event: 13.686 GC heap after
{Heap after GC invocations=7 (full 0):
 garbage-first heap   total 393216K, used 85674K [0x0000000740000000, 0x0000000740100c00, 0x00000007c0000000)
  region size 1024K, 6 young (6144K), 6 survivors (6144K)
 Metaspace       used 25148K, capacity 27422K, committed 27520K, reserved 1073152K
  class space    used 3294K, capacity 3697K, committed 3712K, reserved 1048576K
}
Event: 21.398 GC heap before
{Heap before GC invocations=7 (full 0):
 garbage-first heap   total 393216K, used 239274K [0x0000000740000000, 0x0000000740100c00, 0x00000007c0000000)
  region size 1024K, 156 young (159744K), 6 survivors (6144K)
 Metaspace       used 25348K, capacity 27614K, committed 27776K, reserved 1073152K
  class space    used 3294K, capacity 3697K, committed 3712K, reserved 1048576K
}
Event: 21.406 GC heap after
{Heap after GC invocations=8 (full 0):
 garbage-first heap   total 393216K, used 85783K [0x0000000740000000, 0x0000000740100c00, 0x00000007c0000000)
  region size 1024K, 6 young (6144K), 6 survivors (6144K)
 Metaspace       used 25348K, capacity 27614K, committed 27776K, reserved 1073152K
  class space    used 3294K, capacity 3697K, committed 3712K, reserved 1048576K
}
Event: 29.641 GC heap before
{Heap before GC invocations=8 (full 0):
 garbage-first heap   total 393216K, used 302871K [0x0000000740000000, 0x0000000740100c00, 0x00000007c0000000)
  region size 1024K, 218 young (223232K), 6 survivors (6144K)
 Metaspace       used 25532K, capacity 27742K, committed 27776K, reserved 1073152K
  class space    used 3294K, capacity 3697K, committed 3712K, reserved 1048576K
}
Event: 29.649 GC heap after
{Heap after GC invocations=9 (full 0):
 garbage-first heap   total 393216K, used 85810K [0x0000000740000000, 0x0000000740100c00, 0x00000007c0000000)
  region size 1024K, 6 young (6144K), 6 survivors (6144K)
 Metaspace       used 25532K, capacity 27742K, committed 27776K, reserved 1073152K
  class space    used 3294K, capacity 3697K, committed 3712K, reserved 1048576K
}

