# JRE version: Java(TM) SE Runtime Environment (9.0+11) (build 9.0.4+11)
# Java VM: Java HotSpot(TM) 64-Bit Server VM (9.0.4+11, mixed mode, tiered, compressed oops, g1 gc, bsd-amd64)
Heap:
 garbage-first heap   total 499712K, used 300818K [0x0000000740000000, 0x0000000740100f40, 0x00000007c0000000)
  region size 1024K, 28 young (28672K), 2 survivors (2048K)
 Metaspace       used 27591K, capacity 31162K, committed 31488K, reserved 1077248K
  class space    used 3588K, capacity 4231K, committed 4352K, reserved 1048576K
GC Heap History (10 events):
Event: 114.400 GC heap before
{Heap before GC invocations=80 (full 0):
 garbage-first heap   total 499712K, used 403841K [0x0000000740000000, 0x0000000740100f40, 0x00000007c0000000)
  region size 1024K, 144 young (147456K), 1 survivors (1024K)
 Metaspace       used 27494K, capacity 31162K, committed 31488K, reserved 1077248K
  class space    used 3580K, capacity 4231K, committed 4352K, reserved 1048576K
}
Event: 114.409 GC heap after
{Heap after GC invocations=81 (full 0):
 garbage-first heap   total 499712K, used 257031K [0x0000000740000000, 0x0000000740100f40, 0x00000007c0000000)
  region size 1024K, 1 young (1024K), 1 survivors (1024K)
 Metaspace       used 27494K, capacity 31162K, committed 31488K, reserved 1077248K
  class space    used 3580K, capacity 4231K, committed 4352K, reserved 1048576K
}
Event: 121.795 GC heap before
{Heap before GC invocations=81 (full 0):
 garbage-first heap   total 499712K, used 409607K [0x0000000740000000, 0x0000000740100f40, 0x00000007c0000000)
  region size 1024K, 150 young (153600K), 1 survivors (1024K)
 Metaspace       used 27548K, capacity 31162K, committed 31488K, reserved 1077248K
  class space    used 3580K, capacity 4231K, committed 4352K, reserved 1048576K
}
Event: 121.802 GC heap after
{Heap after GC invocations=82 (full 0):
 garbage-first heap   total 499712K, used 257048K [0x0000000740000000, 0x0000000740100f40, 0x00000007c0000000)
  region size 1024K, 1 young (1024K), 1 survivors (1024K)
 Metaspace       used 27548K, capacity 31162K, committed 31488K, reserved 1077248K
  class space    used 3580K, capacity 4231K, committed 4352K, reserved 1048576K
}
Event: 122.846 GC heap before
{Heap before GC invocations=83 (full 0):
 garbage-first heap   total 499712K, used 283672K [0x0000000740000000, 0x0000000740100f40, 0x00000007c0000000)
  region size 1024K, 28 young (28672K), 1 survivors (1024K)
 Metaspace       used 27550K, capacity 31162K, committed 31488K, reserved 1077248K
  class space    used 3580K, capacity 4231K, committed 4352K, reserved 1048576K
}
Event: 122.850 GC heap after
{Heap after GC invocations=84 (full 0):
 garbage-first heap   total 499712K, used 257074K [0x0000000740000000, 0x0000000740100f40, 0x00000007c0000000)
  region size 1024K, 1 young (1024K), 1 survivors (1024K)
 Metaspace       used 27550K, capacity 31162K, committed 31488K, reserved 1077248K
  class space    used 3580K, capacity 4231K, committed 4352K, reserved 1048576K
}
Event: 122.960 GC heap before
{Heap before GC invocations=85 (full 0):
 garbage-first heap   total 499712K, used 269362K [0x0000000740000000, 0x0000000740100f40, 0x00000007c0000000)
  region size 1024K, 5 young (5120K), 1 survivors (1024K)
 Metaspace       used 27554K, capacity 31162K, committed 31488K, reserved 1077248K
  class space    used 3581K, capacity 4231K, committed 4352K, reserved 1048576K
}
Event: 122.964 GC heap after
{Heap after GC invocations=86 (full 0):
 garbage-first heap   total 499712K, used 267013K [0x0000000740000000, 0x0000000740100f40, 0x00000007c0000000)
  region size 1024K, 2 young (2048K), 2 survivors (2048K)
 Metaspace       used 27554K, capacity 31162K, committed 31488K, reserved 1077248K
  class space    used 3581K, capacity 4231K, committed 4352K, reserved 1048576K
}
Event: 123.072 GC heap before
{Heap before GC invocations=87 (full 0):
 garbage-first heap   total 499712K, used 274181K [0x0000000740000000, 0x0000000740100f40, 0x00000007c0000000)
  region size 1024K, 4 young (4096K), 2 survivors (2048K)
 Metaspace       used 27572K, capacity 31162K, committed 31488K, reserved 1077248K
  class space    used 3584K, capacity 4231K, committed 4352K, reserved 1048576K
}
Event: 123.077 GC heap after
{Heap after GC invocations=88 (full 0):
 garbage-first heap   total 499712K, used 273170K [0x0000000740000000, 0x0000000740100f40, 0x00000007c0000000)
  region size 1024K, 2 young (2048K), 2 survivors (2048K)
 Metaspace       used 27572K, capacity 31162K, committed 31488K, reserved 1077248K
  class space    used 3584K, capacity 4231K, committed 4352K, reserved 1048576K
}

