# JRE version: Java(TM) SE Runtime Environment (9.0+11) (build 9.0.4+11)
# Java VM: Java HotSpot(TM) 64-Bit Server VM (9.0.4+11, mixed mode, tiered, compressed oops, g1 gc, bsd-amd64)
Heap:
 garbage-first heap   total 131072K, used 107385K [0x0000000740000000, 0x0000000740100400, 0x00000007c0000000)
  region size 1024K, 5 young (5120K), 1 survivors (1024K)
 Metaspace       used 25602K, capacity 27818K, committed 28160K, reserved 1073152K
  class space    used 3301K, capacity 3719K, committed 3840K, reserved 1048576K
GC Heap History (10 events):
Event: 35.281 GC heap before
{Heap before GC invocations=19 (full 0):
 garbage-first heap   total 131072K, used 108659K [0x0000000740000000, 0x0000000740100400, 0x00000007c0000000)
  region size 1024K, 24 young (24576K), 1 survivors (1024K)
 Metaspace       used 25484K, capacity 27720K, committed 27776K, reserved 1073152K
  class space    used 3288K, capacity 3686K, committed 3712K, reserved 1048576K
}
Event: 35.283 GC heap after
{Heap after GC invocations=20 (full 0):
 garbage-first heap   total 131072K, used 85100K [0x0000000740000000, 0x0000000740100400, 0x00000007c0000000)
  region size 1024K, 1 young (1024K), 1 survivors (1024K)
 Metaspace       used 25484K, capacity 27720K, committed 27776K, reserved 1073152K
  class space    used 3288K, capacity 3686K, committed 3712K, reserved 1048576K
}
Event: 38.251 GC heap before
{Heap before GC invocations=20 (full 0):
 garbage-first heap   total 131072K, used 101484K [0x0000000740000000, 0x0000000740100400, 0x00000007c0000000)
  region size 1024K, 18 young (18432K), 1 survivors (1024K)
 Metaspace       used 25507K, capacity 27720K, committed 27776K, reserved 1073152K
  class space    used 3288K, capacity 3686K, committed 3712K, reserved 1048576K
}
Event: 38.253 GC heap after
{Heap after GC invocations=21 (full 0):
 garbage-first heap   total 131072K, used 85126K [0x0000000740000000, 0x0000000740100400, 0x00000007c0000000)
  region size 1024K, 1 young (1024K), 1 survivors (1024K)
 Metaspace       used 25507K, capacity 27720K, committed 27776K, reserved 1073152K
  class space    used 3288K, capacity 3686K, committed 3712K, reserved 1048576K
}
Event: 38.286 GC heap before
{Heap before GC invocations=22 (full 0):
 garbage-first heap   total 131072K, used 92294K [0x0000000740000000, 0x0000000740100400, 0x00000007c0000000)
  region size 1024K, 2 young (2048K), 1 survivors (1024K)
 Metaspace       used 25508K, capacity 27720K, committed 27776K, reserved 1073152K
  class space    used 3288K, capacity 3686K, committed 3712K, reserved 1048576K
}
Event: 38.289 GC heap after
{Heap after GC invocations=23 (full 0):
 garbage-first heap   total 131072K, used 92294K [0x0000000740000000, 0x0000000740100400, 0x00000007c0000000)
  region size 1024K, 1 young (1024K), 1 survivors (1024K)
 Metaspace       used 25508K, capacity 27720K, committed 27776K, reserved 1073152K
  class space    used 3288K, capacity 3686K, committed 3712K, reserved 1048576K
}
Event: 38.326 GC heap before
{Heap before GC invocations=24 (full 0):
 garbage-first heap   total 131072K, used 97414K [0x0000000740000000, 0x0000000740100400, 0x00000007c0000000)
  region size 1024K, 2 young (2048K), 1 survivors (1024K)
 Metaspace       used 25521K, capacity 27752K, committed 27904K, reserved 1073152K
  class space    used 3289K, capacity 3718K, committed 3840K, reserved 1048576K
}
Event: 38.329 GC heap after
{Heap after GC invocations=25 (full 0):
 garbage-first heap   total 131072K, used 98296K [0x0000000740000000, 0x0000000740100400, 0x00000007c0000000)
  region size 1024K, 2 young (2048K), 2 survivors (2048K)
 Metaspace       used 25521K, capacity 27752K, committed 27904K, reserved 1073152K
  class space    used 3289K, capacity 3718K, committed 3840K, reserved 1048576K
}
Event: 38.370 GC heap before
{Heap before GC invocations=26 (full 0):
 garbage-first heap   total 131072K, used 102392K [0x0000000740000000, 0x0000000740100400, 0x00000007c0000000)
  region size 1024K, 3 young (3072K), 2 survivors (2048K)
 Metaspace       used 25531K, capacity 27752K, committed 27904K, reserved 1073152K
  class space    used 3290K, capacity 3718K, committed 3840K, reserved 1048576K
}
Event: 38.373 GC heap after
{Heap after GC invocations=27 (full 0):
 garbage-first heap   total 131072K, used 102265K [0x0000000740000000, 0x0000000740100400, 0x00000007c0000000)
  region size 1024K, 1 young (1024K), 1 survivors (1024K)
 Metaspace       used 25531K, capacity 27752K, committed 27904K, reserved 1073152K
  class space    used 3290K, capacity 3718K, committed 3840K, reserved 1048576K
}

