# JRE version: Java(TM) SE Runtime Environment (9.0+11) (build 9.0.4+11)
# Java VM: Java HotSpot(TM) 64-Bit Server VM (9.0.4+11, mixed mode, tiered, compressed oops, g1 gc, bsd-amd64)
Heap:
 garbage-first heap   total 382976K, used 279134K [0x0000000740000000, 0x0000000740100bb0, 0x00000007c0000000)
  region size 1024K, 23 young (23552K), 5 survivors (5120K)
 Metaspace       used 26812K, capacity 30465K, committed 30720K, reserved 1075200K
  class space    used 3585K, capacity 4233K, committed 4352K, reserved 1048576K
GC Heap History (10 events):
Event: 19.135 GC heap before
{Heap before GC invocations=53 (full 0):
 garbage-first heap   total 382976K, used 299240K [0x0000000740000000, 0x0000000740100bb0, 0x00000007c0000000)
  region size 1024K, 58 young (59392K), 4 survivors (4096K)
 Metaspace       used 26635K, capacity 30273K, committed 30464K, reserved 1075200K
  class space    used 3579K, capacity 4233K, committed 4352K, reserved 1048576K
}
Event: 19.140 GC heap after
{Heap after GC invocations=54 (full 0):
 garbage-first heap   total 382976K, used 243534K [0x0000000740000000, 0x0000000740100bb0, 0x00000007c0000000)
  region size 1024K, 5 young (5120K), 5 survivors (5120K)
 Metaspace       used 26635K, capacity 30273K, committed 30464K, reserved 1075200K
  class space    used 3579K, capacity 4233K, committed 4352K, reserved 1048576K
}
Event: 24.372 GC heap before
{Heap before GC invocations=54 (full 0):
 garbage-first heap   total 382976K, used 302926K [0x0000000740000000, 0x0000000740100bb0, 0x00000007c0000000)
  region size 1024K, 63 young (64512K), 5 survivors (5120K)
 Metaspace       used 26729K, capacity 30401K, committed 30720K, reserved 1075200K
  class space    used 3579K, capacity 4233K, committed 4352K, reserved 1048576K
}
Event: 24.378 GC heap after
{Heap after GC invocations=55 (full 0):
 garbage-first heap   total 382976K, used 244055K [0x0000000740000000, 0x0000000740100bb0, 0x00000007c0000000)
  region size 1024K, 5 young (5120K), 5 survivors (5120K)
 Metaspace       used 26729K, capacity 30401K, committed 30720K, reserved 1075200K
  class space    used 3579K, capacity 4233K, committed 4352K, reserved 1048576K
}
Event: 25.629 GC heap before
{Heap before GC invocations=56 (full 0):
 garbage-first heap   total 382976K, used 258391K [0x0000000740000000, 0x0000000740100bb0, 0x00000007c0000000)
  region size 1024K, 20 young (20480K), 5 survivors (5120K)
 Metaspace       used 26767K, capacity 30401K, committed 30720K, reserved 1075200K
  class space    used 3579K, capacity 4233K, committed 4352K, reserved 1048576K
}
Event: 25.634 GC heap after
{Heap after GC invocations=57 (full 0):
 garbage-first heap   total 382976K, used 243741K [0x0000000740000000, 0x0000000740100bb0, 0x00000007c0000000)
  region size 1024K, 5 young (5120K), 5 survivors (5120K)
 Metaspace       used 26767K, capacity 30401K, committed 30720K, reserved 1075200K
  class space    used 3579K, capacity 4233K, committed 4352K, reserved 1048576K
}
Event: 25.666 GC heap before
{Heap before GC invocations=58 (full 0):
 garbage-first heap   total 382976K, used 251933K [0x0000000740000000, 0x0000000740100bb0, 0x00000007c0000000)
  region size 1024K, 7 young (7168K), 5 survivors (5120K)
 Metaspace       used 26769K, capacity 30401K, committed 30720K, reserved 1075200K
  class space    used 3579K, capacity 4233K, committed 4352K, reserved 1048576K
}
Event: 25.669 GC heap after
{Heap after GC invocations=59 (full 0):
 garbage-first heap   total 382976K, used 251334K [0x0000000740000000, 0x0000000740100bb0, 0x00000007c0000000)
  region size 1024K, 5 young (5120K), 5 survivors (5120K)
 Metaspace       used 26769K, capacity 30401K, committed 30720K, reserved 1075200K
  class space    used 3579K, capacity 4233K, committed 4352K, reserved 1048576K
}
Event: 25.718 GC heap before
{Heap before GC invocations=60 (full 0):
 garbage-first heap   total 382976K, used 260550K [0x0000000740000000, 0x0000000740100bb0, 0x00000007c0000000)
  region size 1024K, 7 young (7168K), 5 survivors (5120K)
 Metaspace       used 26787K, capacity 30465K, committed 30720K, reserved 1075200K
  class space    used 3582K, capacity 4233K, committed 4352K, reserved 1048576K
}
Event: 25.722 GC heap after
{Heap after GC invocations=61 (full 0):
 garbage-first heap   total 382976K, used 259678K [0x0000000740000000, 0x0000000740100bb0, 0x00000007c0000000)
  region size 1024K, 5 young (5120K), 5 survivors (5120K)
 Metaspace       used 26787K, capacity 30465K, committed 30720K, reserved 1075200K
  class space    used 3582K, capacity 4233K, committed 4352K, reserved 1048576K
}

