# JRE version: Java(TM) SE Runtime Environment (9.0+11) (build 9.0.4+11)
# Java VM: Java HotSpot(TM) 64-Bit Server VM (9.0.4+11, mixed mode, tiered, compressed oops, g1 gc, bsd-amd64)
Heap:
 garbage-first heap   total 381952K, used 279375K [0x0000000740000000, 0x0000000740100ba8, 0x00000007c0000000)
  region size 1024K, 24 young (24576K), 6 survivors (6144K)
 Metaspace       used 26603K, capacity 30223K, committed 30336K, reserved 1075200K
  class space    used 3560K, capacity 4220K, committed 4224K, reserved 1048576K
GC Heap History (10 events):
Event: 15.392 GC heap before
{Heap before GC invocations=50 (full 0):
 garbage-first heap   total 381952K, used 307660K [0x0000000740000000, 0x0000000740100ba8, 0x00000007c0000000)
  region size 1024K, 67 young (68608K), 5 survivors (5120K)
 Metaspace       used 26381K, capacity 29967K, committed 30080K, reserved 1075200K
  class space    used 3553K, capacity 4220K, committed 4224K, reserved 1048576K
}
Event: 15.398 GC heap after
{Heap after GC invocations=51 (full 0):
 garbage-first heap   total 381952K, used 244275K [0x0000000740000000, 0x0000000740100ba8, 0x00000007c0000000)
  region size 1024K, 6 young (6144K), 6 survivors (6144K)
 Metaspace       used 26381K, capacity 29967K, committed 30080K, reserved 1075200K
  class space    used 3553K, capacity 4220K, committed 4224K, reserved 1048576K
}
Event: 20.988 GC heap before
{Heap before GC invocations=51 (full 0):
 garbage-first heap   total 381952K, used 319027K [0x0000000740000000, 0x0000000740100ba8, 0x00000007c0000000)
  region size 1024K, 79 young (80896K), 6 survivors (6144K)
 Metaspace       used 26518K, capacity 30159K, committed 30336K, reserved 1075200K
  class space    used 3553K, capacity 4220K, committed 4224K, reserved 1048576K
}
Event: 20.994 GC heap after
{Heap after GC invocations=52 (full 0):
 garbage-first heap   total 381952K, used 243704K [0x0000000740000000, 0x0000000740100ba8, 0x00000007c0000000)
  region size 1024K, 5 young (5120K), 5 survivors (5120K)
 Metaspace       used 26518K, capacity 30159K, committed 30336K, reserved 1075200K
  class space    used 3553K, capacity 4220K, committed 4224K, reserved 1048576K
}
Event: 22.570 GC heap before
{Heap before GC invocations=53 (full 0):
 garbage-first heap   total 381952K, used 268280K [0x0000000740000000, 0x0000000740100ba8, 0x00000007c0000000)
  region size 1024K, 30 young (30720K), 5 survivors (5120K)
 Metaspace       used 26557K, capacity 30223K, committed 30336K, reserved 1075200K
  class space    used 3553K, capacity 4220K, committed 4224K, reserved 1048576K
}
Event: 22.575 GC heap after
{Heap after GC invocations=54 (full 0):
 garbage-first heap   total 381952K, used 244719K [0x0000000740000000, 0x0000000740100ba8, 0x00000007c0000000)
  region size 1024K, 6 young (6144K), 6 survivors (6144K)
 Metaspace       used 26557K, capacity 30223K, committed 30336K, reserved 1075200K
  class space    used 3553K, capacity 4220K, committed 4224K, reserved 1048576K
}
Event: 22.607 GC heap before
{Heap before GC invocations=55 (full 0):
 garbage-first heap   total 381952K, used 252911K [0x0000000740000000, 0x0000000740100ba8, 0x00000007c0000000)
  region size 1024K, 8 young (8192K), 6 survivors (6144K)
 Metaspace       used 26559K, capacity 30223K, committed 30336K, reserved 1075200K
  class space    used 3553K, capacity 4220K, committed 4224K, reserved 1048576K
}
Event: 22.611 GC heap after
{Heap after GC invocations=56 (full 0):
 garbage-first heap   total 381952K, used 251229K [0x0000000740000000, 0x0000000740100ba8, 0x00000007c0000000)
  region size 1024K, 5 young (5120K), 5 survivors (5120K)
 Metaspace       used 26559K, capacity 30223K, committed 30336K, reserved 1075200K
  class space    used 3553K, capacity 4220K, committed 4224K, reserved 1048576K
}
Event: 22.666 GC heap before
{Heap before GC invocations=57 (full 0):
 garbage-first heap   total 381952K, used 260445K [0x0000000740000000, 0x0000000740100ba8, 0x00000007c0000000)
  region size 1024K, 7 young (7168K), 5 survivors (5120K)
 Metaspace       used 26573K, capacity 30223K, committed 30336K, reserved 1075200K
  class space    used 3556K, capacity 4220K, committed 4224K, reserved 1048576K
}
Event: 22.670 GC heap after
{Heap after GC invocations=58 (full 0):
 garbage-first heap   total 381952K, used 259919K [0x0000000740000000, 0x0000000740100ba8, 0x00000007c0000000)
  region size 1024K, 6 young (6144K), 6 survivors (6144K)
 Metaspace       used 26573K, capacity 30223K, committed 30336K, reserved 1075200K
  class space    used 3556K, capacity 4220K, committed 4224K, reserved 1048576K
}

