# JRE version: Java(TM) SE Runtime Environment (9.0+11) (build 9.0.4+11)
# Java VM: Java HotSpot(TM) 64-Bit Server VM (9.0.4+11, mixed mode, tiered, compressed oops, g1 gc, bsd-amd64)
Heap:
 garbage-first heap   total 157696K, used 113534K [0x0000000740000000, 0x00000007401004d0, 0x00000007c0000000)
  region size 1024K, 12 young (12288K), 2 survivors (2048K)
 Metaspace       used 25629K, capacity 27842K, committed 28160K, reserved 1073152K
  class space    used 3308K, capacity 3729K, committed 3840K, reserved 1048576K
GC Heap History (10 events):
Event: 31.971 GC heap before
{Heap before GC invocations=17 (full 0):
 garbage-first heap   total 157696K, used 124950K [0x0000000740000000, 0x00000007401004d0, 0x00000007c0000000)
  region size 1024K, 40 young (40960K), 1 survivors (1024K)
 Metaspace       used 25542K, capacity 27808K, committed 28032K, reserved 1073152K
  class space    used 3294K, capacity 3696K, committed 3712K, reserved 1048576K
}
Event: 31.972 GC heap after
{Heap after GC invocations=18 (full 0):
 garbage-first heap   total 157696K, used 85020K [0x0000000740000000, 0x00000007401004d0, 0x00000007c0000000)
  region size 1024K, 1 young (1024K), 1 survivors (1024K)
 Metaspace       used 25542K, capacity 27808K, committed 28032K, reserved 1073152K
  class space    used 3294K, capacity 3696K, committed 3712K, reserved 1048576K
}
Event: 32.440 GC heap before
{Heap before GC invocations=19 (full 0):
 garbage-first heap   total 157696K, used 89116K [0x0000000740000000, 0x00000007401004d0, 0x00000007c0000000)
  region size 1024K, 6 young (6144K), 1 survivors (1024K)
 Metaspace       used 25542K, capacity 27808K, committed 28032K, reserved 1073152K
  class space    used 3294K, capacity 3696K, committed 3712K, reserved 1048576K
}
Event: 32.441 GC heap after
{Heap after GC invocations=20 (full 0):
 garbage-first heap   total 157696K, used 85018K [0x0000000740000000, 0x00000007401004d0, 0x00000007c0000000)
  region size 1024K, 1 young (1024K), 1 survivors (1024K)
 Metaspace       used 25542K, capacity 27808K, committed 28032K, reserved 1073152K
  class space    used 3294K, capacity 3696K, committed 3712K, reserved 1048576K
}
Event: 32.473 GC heap before
{Heap before GC invocations=21 (full 0):
 garbage-first heap   total 157696K, used 92186K [0x0000000740000000, 0x00000007401004d0, 0x00000007c0000000)
  region size 1024K, 2 young (2048K), 1 survivors (1024K)
 Metaspace       used 25543K, capacity 27808K, committed 28032K, reserved 1073152K
  class space    used 3294K, capacity 3696K, committed 3712K, reserved 1048576K
}
Event: 32.475 GC heap after
{Heap after GC invocations=22 (full 0):
 garbage-first heap   total 157696K, used 92220K [0x0000000740000000, 0x00000007401004d0, 0x00000007c0000000)
  region size 1024K, 2 young (2048K), 2 survivors (2048K)
 Metaspace       used 25543K, capacity 27808K, committed 28032K, reserved 1073152K
  class space    used 3294K, capacity 3696K, committed 3712K, reserved 1048576K
}
Event: 32.512 GC heap before
{Heap before GC invocations=23 (full 0):
 garbage-first heap   total 157696K, used 98364K [0x0000000740000000, 0x00000007401004d0, 0x00000007c0000000)
  region size 1024K, 4 young (4096K), 2 survivors (2048K)
 Metaspace       used 25565K, capacity 27840K, committed 28160K, reserved 1073152K
  class space    used 3296K, capacity 3728K, committed 3840K, reserved 1048576K
}
Event: 32.513 GC heap after
{Heap after GC invocations=24 (full 0):
 garbage-first heap   total 157696K, used 98074K [0x0000000740000000, 0x00000007401004d0, 0x00000007c0000000)
  region size 1024K, 2 young (2048K), 2 survivors (2048K)
 Metaspace       used 25565K, capacity 27840K, committed 28160K, reserved 1073152K
  class space    used 3296K, capacity 3728K, committed 3840K, reserved 1048576K
}
Event: 32.547 GC heap before
{Heap before GC invocations=25 (full 0):
 garbage-first heap   total 157696K, used 102170K [0x0000000740000000, 0x00000007401004d0, 0x00000007c0000000)
  region size 1024K, 3 young (3072K), 2 survivors (2048K)
 Metaspace       used 25570K, capacity 27840K, committed 28160K, reserved 1073152K
  class space    used 3297K, capacity 3728K, committed 3840K, reserved 1048576K
}
Event: 32.549 GC heap after
{Heap after GC invocations=26 (full 0):
 garbage-first heap   total 157696K, used 102270K [0x0000000740000000, 0x00000007401004d0, 0x00000007c0000000)
  region size 1024K, 2 young (2048K), 2 survivors (2048K)
 Metaspace       used 25570K, capacity 27840K, committed 28160K, reserved 1073152K
  class space    used 3297K, capacity 3728K, committed 3840K, reserved 1048576K
}

