# JRE version: Java(TM) SE Runtime Environment (9.0+11) (build 9.0.4+11)
# Java VM: Java HotSpot(TM) 64-Bit Server VM (9.0.4+11, mixed mode, tiered, compressed oops, g1 gc, bsd-amd64)
Heap:
 garbage-first heap   total 548864K, used 307391K [0x0000000740000000, 0x00000007401010c0, 0x00000007c0000000)
  region size 1024K, 38 young (38912K), 5 survivors (5120K)
 Metaspace       used 27507K, capacity 31154K, committed 31488K, reserved 1077248K
  class space    used 3593K, capacity 4231K, committed 4352K, reserved 1048576K
GC Heap History (10 events):
Event: 43.727 GC heap before
{Heap before GC invocations=55 (full 0):
 garbage-first heap   total 548864K, used 360156K [0x0000000740000000, 0x00000007401010c0, 0x00000007c0000000)
  region size 1024K, 106 young (108544K), 5 survivors (5120K)
 Metaspace       used 27383K, capacity 31026K, committed 31232K, reserved 1077248K
  class space    used 3585K, capacity 4231K, committed 4352K, reserved 1048576K
}
Event: 43.733 GC heap after
{Heap after GC invocations=56 (full 0):
 garbage-first heap   total 548864K, used 256707K [0x0000000740000000, 0x00000007401010c0, 0x00000007c0000000)
  region size 1024K, 6 young (6144K), 6 survivors (6144K)
 Metaspace       used 27383K, capacity 31026K, committed 31232K, reserved 1077248K
  class space    used 3585K, capacity 4231K, committed 4352K, reserved 1048576K
}
Event: 49.567 GC heap before
{Heap before GC invocations=56 (full 0):
 garbage-first heap   total 548864K, used 371395K [0x0000000740000000, 0x00000007401010c0, 0x00000007c0000000)
  region size 1024K, 118 young (120832K), 6 survivors (6144K)
 Metaspace       used 27457K, capacity 31154K, committed 31488K, reserved 1077248K
  class space    used 3585K, capacity 4231K, committed 4352K, reserved 1048576K
}
Event: 49.573 GC heap after
{Heap after GC invocations=57 (full 0):
 garbage-first heap   total 548864K, used 256607K [0x0000000740000000, 0x00000007401010c0, 0x00000007c0000000)
  region size 1024K, 6 young (6144K), 6 survivors (6144K)
 Metaspace       used 27457K, capacity 31154K, committed 31488K, reserved 1077248K
  class space    used 3585K, capacity 4231K, committed 4352K, reserved 1048576K
}
Event: 51.463 GC heap before
{Heap before GC invocations=58 (full 0):
 garbage-first heap   total 548864K, used 293471K [0x0000000740000000, 0x00000007401010c0, 0x00000007c0000000)
  region size 1024K, 43 young (44032K), 6 survivors (6144K)
 Metaspace       used 27465K, capacity 31154K, committed 31488K, reserved 1077248K
  class space    used 3585K, capacity 4231K, committed 4352K, reserved 1048576K
}
Event: 51.468 GC heap after
{Heap after GC invocations=59 (full 0):
 garbage-first heap   total 548864K, used 256207K [0x0000000740000000, 0x00000007401010c0, 0x00000007c0000000)
  region size 1024K, 6 young (6144K), 6 survivors (6144K)
 Metaspace       used 27465K, capacity 31154K, committed 31488K, reserved 1077248K
  class space    used 3585K, capacity 4231K, committed 4352K, reserved 1048576K
}
Event: 51.510 GC heap before
{Heap before GC invocations=60 (full 0):
 garbage-first heap   total 548864K, used 267471K [0x0000000740000000, 0x00000007401010c0, 0x00000007c0000000)
  region size 1024K, 9 young (9216K), 6 survivors (6144K)
 Metaspace       used 27468K, capacity 31154K, committed 31488K, reserved 1077248K
  class space    used 3586K, capacity 4231K, committed 4352K, reserved 1048576K
}
Event: 51.514 GC heap after
{Heap after GC invocations=61 (full 0):
 garbage-first heap   total 548864K, used 266677K [0x0000000740000000, 0x00000007401010c0, 0x00000007c0000000)
  region size 1024K, 7 young (7168K), 7 survivors (7168K)
 Metaspace       used 27468K, capacity 31154K, committed 31488K, reserved 1077248K
  class space    used 3586K, capacity 4231K, committed 4352K, reserved 1048576K
}
Event: 51.556 GC heap before
{Heap before GC invocations=62 (full 0):
 garbage-first heap   total 548864K, used 273845K [0x0000000740000000, 0x00000007401010c0, 0x00000007c0000000)
  region size 1024K, 9 young (9216K), 7 survivors (7168K)
 Metaspace       used 27486K, capacity 31154K, committed 31488K, reserved 1077248K
  class space    used 3589K, capacity 4231K, committed 4352K, reserved 1048576K
}
Event: 51.560 GC heap after
{Heap after GC invocations=63 (full 0):
 garbage-first heap   total 548864K, used 272575K [0x0000000740000000, 0x00000007401010c0, 0x00000007c0000000)
  region size 1024K, 5 young (5120K), 5 survivors (5120K)
 Metaspace       used 27486K, capacity 31154K, committed 31488K, reserved 1077248K
  class space    used 3589K, capacity 4231K, committed 4352K, reserved 1048576K
}

