# JRE version: Java(TM) SE Runtime Environment (9.0+11) (build 9.0.4+11)
# Java VM: Java HotSpot(TM) 64-Bit Server VM (9.0.4+11, mixed mode, tiered, compressed oops, g1 gc, bsd-amd64)
Heap:
 garbage-first heap   total 379904K, used 276655K [0x0000000740000000, 0x0000000740100b98, 0x00000007c0000000)
  region size 1024K, 18 young (18432K), 3 survivors (3072K)
 Metaspace       used 26707K, capacity 30383K, committed 30720K, reserved 1075200K
  class space    used 3577K, capacity 4230K, committed 4352K, reserved 1048576K
GC Heap History (10 events):
Event: 20.465 GC heap before
{Heap before GC invocations=50 (full 0):
 garbage-first heap   total 379904K, used 317796K [0x0000000740000000, 0x0000000740100b98, 0x00000007c0000000)
  region size 1024K, 76 young (77824K), 4 survivors (4096K)
 Metaspace       used 26459K, capacity 30063K, committed 30208K, reserved 1075200K
  class space    used 3570K, capacity 4230K, committed 4352K, reserved 1048576K
}
Event: 20.471 GC heap after
{Heap after GC invocations=51 (full 0):
 garbage-first heap   total 379904K, used 243954K [0x0000000740000000, 0x0000000740100b98, 0x00000007c0000000)
  region size 1024K, 5 young (5120K), 5 survivors (5120K)
 Metaspace       used 26459K, capacity 30063K, committed 30208K, reserved 1075200K
  class space    used 3570K, capacity 4230K, committed 4352K, reserved 1048576K
}
Event: 26.107 GC heap before
{Heap before GC invocations=51 (full 0):
 garbage-first heap   total 379904K, used 318706K [0x0000000740000000, 0x0000000740100b98, 0x00000007c0000000)
  region size 1024K, 78 young (79872K), 5 survivors (5120K)
 Metaspace       used 26626K, capacity 30255K, committed 30464K, reserved 1075200K
  class space    used 3570K, capacity 4230K, committed 4352K, reserved 1048576K
}
Event: 26.113 GC heap after
{Heap after GC invocations=52 (full 0):
 garbage-first heap   total 379904K, used 243986K [0x0000000740000000, 0x0000000740100b98, 0x00000007c0000000)
  region size 1024K, 5 young (5120K), 5 survivors (5120K)
 Metaspace       used 26626K, capacity 30255K, committed 30464K, reserved 1075200K
  class space    used 3570K, capacity 4230K, committed 4352K, reserved 1048576K
}
Event: 27.564 GC heap before
{Heap before GC invocations=53 (full 0):
 garbage-first heap   total 379904K, used 266514K [0x0000000740000000, 0x0000000740100b98, 0x00000007c0000000)
  region size 1024K, 28 young (28672K), 5 survivors (5120K)
 Metaspace       used 26658K, capacity 30319K, committed 30464K, reserved 1075200K
  class space    used 3570K, capacity 4230K, committed 4352K, reserved 1048576K
}
Event: 27.568 GC heap after
{Heap after GC invocations=54 (full 0):
 garbage-first heap   total 379904K, used 244153K [0x0000000740000000, 0x0000000740100b98, 0x00000007c0000000)
  region size 1024K, 5 young (5120K), 5 survivors (5120K)
 Metaspace       used 26658K, capacity 30319K, committed 30464K, reserved 1075200K
  class space    used 3570K, capacity 4230K, committed 4352K, reserved 1048576K
}
Event: 27.599 GC heap before
{Heap before GC invocations=55 (full 0):
 garbage-first heap   total 379904K, used 251321K [0x0000000740000000, 0x0000000740100b98, 0x00000007c0000000)
  region size 1024K, 6 young (6144K), 5 survivors (5120K)
 Metaspace       used 26660K, capacity 30319K, committed 30464K, reserved 1075200K
  class space    used 3570K, capacity 4230K, committed 4352K, reserved 1048576K
}
Event: 27.602 GC heap after
{Heap after GC invocations=56 (full 0):
 garbage-first heap   total 379904K, used 251352K [0x0000000740000000, 0x0000000740100b98, 0x00000007c0000000)
  region size 1024K, 5 young (5120K), 5 survivors (5120K)
 Metaspace       used 26660K, capacity 30319K, committed 30464K, reserved 1075200K
  class space    used 3570K, capacity 4230K, committed 4352K, reserved 1048576K
}
Event: 27.658 GC heap before
{Heap before GC invocations=57 (full 0):
 garbage-first heap   total 379904K, used 260568K [0x0000000740000000, 0x0000000740100b98, 0x00000007c0000000)
  region size 1024K, 7 young (7168K), 5 survivors (5120K)
 Metaspace       used 26676K, capacity 30383K, committed 30720K, reserved 1075200K
  class space    used 3573K, capacity 4230K, committed 4352K, reserved 1048576K
}
Event: 27.662 GC heap after
{Heap after GC invocations=58 (full 0):
 garbage-first heap   total 379904K, used 260271K [0x0000000740000000, 0x0000000740100b98, 0x00000007c0000000)
  region size 1024K, 3 young (3072K), 3 survivors (3072K)
 Metaspace       used 26676K, capacity 30383K, committed 30720K, reserved 1075200K
  class space    used 3573K, capacity 4230K, committed 4352K, reserved 1048576K
}

