# JRE version: Java(TM) SE Runtime Environment (9.0+11) (build 9.0.4+11)
# Java VM: Java HotSpot(TM) 64-Bit Server VM (9.0.4+11, mixed mode, tiered, compressed oops, g1 gc, bsd-amd64)
Heap:
 garbage-first heap   total 131072K, used 104424K [0x0000000740000000, 0x0000000740100400, 0x00000007c0000000)
  region size 1024K, 2 young (2048K), 1 survivors (1024K)
 Metaspace       used 25652K, capacity 27846K, committed 28160K, reserved 1073152K
  class space    used 3311K, capacity 3729K, committed 3840K, reserved 1048576K
GC Heap History (10 events):
Event: 25.827 GC heap before
{Heap before GC invocations=16 (full 0):
 garbage-first heap   total 131072K, used 109791K [0x0000000740000000, 0x0000000740100400, 0x00000007c0000000)
  region size 1024K, 25 young (25600K), 1 survivors (1024K)
 Metaspace       used 25455K, capacity 27684K, committed 27776K, reserved 1073152K
  class space    used 3298K, capacity 3696K, committed 3712K, reserved 1048576K
}
Event: 25.828 GC heap after
{Heap after GC invocations=17 (full 0):
 garbage-first heap   total 131072K, used 85199K [0x0000000740000000, 0x0000000740100400, 0x00000007c0000000)
  region size 1024K, 1 young (1024K), 1 survivors (1024K)
 Metaspace       used 25455K, capacity 27684K, committed 27776K, reserved 1073152K
  class space    used 3298K, capacity 3696K, committed 3712K, reserved 1048576K
}
Event: 30.784 GC heap before
{Heap before GC invocations=17 (full 0):
 garbage-first heap   total 131072K, used 109775K [0x0000000740000000, 0x0000000740100400, 0x00000007c0000000)
  region size 1024K, 25 young (25600K), 1 survivors (1024K)
 Metaspace       used 25568K, capacity 27812K, committed 28032K, reserved 1073152K
  class space    used 3298K, capacity 3696K, committed 3712K, reserved 1048576K
}
Event: 30.787 GC heap after
{Heap after GC invocations=18 (full 0):
 garbage-first heap   total 131072K, used 85217K [0x0000000740000000, 0x0000000740100400, 0x00000007c0000000)
  region size 1024K, 1 young (1024K), 1 survivors (1024K)
 Metaspace       used 25568K, capacity 27812K, committed 28032K, reserved 1073152K
  class space    used 3298K, capacity 3696K, committed 3712K, reserved 1048576K
}
Event: 32.492 GC heap before
{Heap before GC invocations=19 (full 0):
 garbage-first heap   total 131072K, used 95457K [0x0000000740000000, 0x0000000740100400, 0x00000007c0000000)
  region size 1024K, 12 young (12288K), 1 survivors (1024K)
 Metaspace       used 25575K, capacity 27812K, committed 28032K, reserved 1073152K
  class space    used 3298K, capacity 3696K, committed 3712K, reserved 1048576K
}
Event: 32.496 GC heap after
{Heap after GC invocations=20 (full 0):
 garbage-first heap   total 131072K, used 86020K [0x0000000740000000, 0x0000000740100400, 0x00000007c0000000)
  region size 1024K, 2 young (2048K), 2 survivors (2048K)
 Metaspace       used 25575K, capacity 27812K, committed 28032K, reserved 1073152K
  class space    used 3298K, capacity 3696K, committed 3712K, reserved 1048576K
}
Event: 32.551 GC heap before
{Heap before GC invocations=21 (full 0):
 garbage-first heap   total 131072K, used 93188K [0x0000000740000000, 0x0000000740100400, 0x00000007c0000000)
  region size 1024K, 3 young (3072K), 2 survivors (2048K)
 Metaspace       used 25598K, capacity 27844K, committed 28160K, reserved 1073152K
  class space    used 3300K, capacity 3728K, committed 3840K, reserved 1048576K
}
Event: 32.553 GC heap after
{Heap after GC invocations=22 (full 0):
 garbage-first heap   total 131072K, used 93144K [0x0000000740000000, 0x0000000740100400, 0x00000007c0000000)
  region size 1024K, 2 young (2048K), 2 survivors (2048K)
 Metaspace       used 25598K, capacity 27844K, committed 28160K, reserved 1073152K
  class space    used 3300K, capacity 3728K, committed 3840K, reserved 1048576K
}
Event: 33.849 GC heap before
{Heap before GC invocations=23 (full 0):
 garbage-first heap   total 131072K, used 99288K [0x0000000740000000, 0x0000000740100400, 0x00000007c0000000)
  region size 1024K, 7 young (7168K), 2 survivors (2048K)
 Metaspace       used 25652K, capacity 27846K, committed 28160K, reserved 1073152K
  class space    used 3311K, capacity 3729K, committed 3840K, reserved 1048576K
}
Event: 33.851 GC heap after
{Heap after GC invocations=24 (full 0):
 garbage-first heap   total 131072K, used 95208K [0x0000000740000000, 0x0000000740100400, 0x00000007c0000000)
  region size 1024K, 1 young (1024K), 1 survivors (1024K)
 Metaspace       used 25652K, capacity 27846K, committed 28160K, reserved 1073152K
  class space    used 3311K, capacity 3729K, committed 3840K, reserved 1048576K
}

