# JRE version: Java(TM) SE Runtime Environment (9.0+11) (build 9.0.4+11)
# Java VM: Java HotSpot(TM) 64-Bit Server VM (9.0.4+11, mixed mode, tiered, compressed oops, g1 gc, bsd-amd64)
Heap:
 garbage-first heap   total 131072K, used 107506K [0x0000000740000000, 0x0000000740100400, 0x00000007c0000000)
  region size 1024K, 5 young (5120K), 1 survivors (1024K)
 Metaspace       used 25698K, capacity 27970K, committed 28160K, reserved 1073152K
  class space    used 3312K, capacity 3729K, committed 3840K, reserved 1048576K
GC Heap History (10 events):
Event: 33.939 GC heap before
{Heap before GC invocations=18 (full 0):
 garbage-first heap   total 131072K, used 109791K [0x0000000740000000, 0x0000000740100400, 0x00000007c0000000)
  region size 1024K, 25 young (25600K), 1 survivors (1024K)
 Metaspace       used 25546K, capacity 27744K, committed 27776K, reserved 1073152K
  class space    used 3298K, capacity 3696K, committed 3712K, reserved 1048576K
}
Event: 33.941 GC heap after
{Heap after GC invocations=19 (full 0):
 garbage-first heap   total 131072K, used 85256K [0x0000000740000000, 0x0000000740100400, 0x00000007c0000000)
  region size 1024K, 2 young (2048K), 2 survivors (2048K)
 Metaspace       used 25546K, capacity 27744K, committed 27776K, reserved 1073152K
  class space    used 3298K, capacity 3696K, committed 3712K, reserved 1048576K
}
Event: 38.042 GC heap before
{Heap before GC invocations=20 (full 0):
 garbage-first heap   total 131072K, used 107784K [0x0000000740000000, 0x0000000740100400, 0x00000007c0000000)
  region size 1024K, 25 young (25600K), 2 survivors (2048K)
 Metaspace       used 25618K, capacity 27872K, committed 28032K, reserved 1073152K
  class space    used 3298K, capacity 3696K, committed 3712K, reserved 1048576K
}
Event: 38.044 GC heap after
{Heap after GC invocations=21 (full 0):
 garbage-first heap   total 131072K, used 85240K [0x0000000740000000, 0x0000000740100400, 0x00000007c0000000)
  region size 1024K, 1 young (1024K), 1 survivors (1024K)
 Metaspace       used 25618K, capacity 27872K, committed 28032K, reserved 1073152K
  class space    used 3298K, capacity 3696K, committed 3712K, reserved 1048576K
}
Event: 38.063 GC heap before
{Heap before GC invocations=22 (full 0):
 garbage-first heap   total 131072K, used 88312K [0x0000000740000000, 0x0000000740100400, 0x00000007c0000000)
  region size 1024K, 2 young (2048K), 1 survivors (1024K)
 Metaspace       used 25618K, capacity 27872K, committed 28032K, reserved 1073152K
  class space    used 3298K, capacity 3696K, committed 3712K, reserved 1048576K
}
Event: 38.065 GC heap after
{Heap after GC invocations=23 (full 0):
 garbage-first heap   total 131072K, used 88328K [0x0000000740000000, 0x0000000740100400, 0x00000007c0000000)
  region size 1024K, 2 young (2048K), 2 survivors (2048K)
 Metaspace       used 25618K, capacity 27872K, committed 28032K, reserved 1073152K
  class space    used 3298K, capacity 3696K, committed 3712K, reserved 1048576K
}
Event: 38.110 GC heap before
{Heap before GC invocations=24 (full 0):
 garbage-first heap   total 131072K, used 95496K [0x0000000740000000, 0x0000000740100400, 0x00000007c0000000)
  region size 1024K, 4 young (4096K), 2 survivors (2048K)
 Metaspace       used 25633K, capacity 27872K, committed 28032K, reserved 1073152K
  class space    used 3299K, capacity 3696K, committed 3712K, reserved 1048576K
}
Event: 38.116 GC heap after
{Heap after GC invocations=25 (full 0):
 garbage-first heap   total 131072K, used 95337K [0x0000000740000000, 0x0000000740100400, 0x00000007c0000000)
  region size 1024K, 2 young (2048K), 2 survivors (2048K)
 Metaspace       used 25633K, capacity 27872K, committed 28032K, reserved 1073152K
  class space    used 3299K, capacity 3696K, committed 3712K, reserved 1048576K
}
Event: 38.165 GC heap before
{Heap before GC invocations=26 (full 0):
 garbage-first heap   total 131072K, used 102505K [0x0000000740000000, 0x0000000740100400, 0x00000007c0000000)
  region size 1024K, 3 young (3072K), 2 survivors (2048K)
 Metaspace       used 25643K, capacity 27904K, committed 28160K, reserved 1073152K
  class space    used 3301K, capacity 3728K, committed 3840K, reserved 1048576K
}
Event: 38.168 GC heap after
{Heap after GC invocations=27 (full 0):
 garbage-first heap   total 131072K, used 102386K [0x0000000740000000, 0x0000000740100400, 0x00000007c0000000)
  region size 1024K, 1 young (1024K), 1 survivors (1024K)
 Metaspace       used 25643K, capacity 27904K, committed 28160K, reserved 1073152K
  class space    used 3301K, capacity 3728K, committed 3840K, reserved 1048576K
}

