# JRE version: Java(TM) SE Runtime Environment (9.0+11) (build 9.0.4+11)
# Java VM: Java HotSpot(TM) 64-Bit Server VM (9.0.4+11, mixed mode, tiered, compressed oops, g1 gc, bsd-amd64)
Heap:
 garbage-first heap   total 134144K, used 109543K [0x0000000740000000, 0x0000000740100418, 0x00000007c0000000)
  region size 1024K, 7 young (7168K), 1 survivors (1024K)
 Metaspace       used 25633K, capacity 27830K, committed 28160K, reserved 1073152K
  class space    used 3311K, capacity 3729K, committed 3840K, reserved 1048576K
GC Heap History (10 events):
Event: 31.157 GC heap before
{Heap before GC invocations=15 (full 0):
 garbage-first heap   total 134144K, used 111833K [0x0000000740000000, 0x0000000740100418, 0x00000007c0000000)
  region size 1024K, 27 young (27648K), 1 survivors (1024K)
 Metaspace       used 25554K, capacity 27732K, committed 27776K, reserved 1073152K
  class space    used 3298K, capacity 3696K, committed 3712K, reserved 1048576K
}
Event: 31.162 GC heap after
{Heap after GC invocations=16 (full 0):
 garbage-first heap   total 134144K, used 85209K [0x0000000740000000, 0x0000000740100418, 0x00000007c0000000)
  region size 1024K, 1 young (1024K), 1 survivors (1024K)
 Metaspace       used 25554K, capacity 27732K, committed 27776K, reserved 1073152K
  class space    used 3298K, capacity 3696K, committed 3712K, reserved 1048576K
}
Event: 32.438 GC heap before
{Heap before GC invocations=17 (full 0):
 garbage-first heap   total 134144K, used 92377K [0x0000000740000000, 0x0000000740100418, 0x00000007c0000000)
  region size 1024K, 9 young (9216K), 1 survivors (1024K)
 Metaspace       used 25555K, capacity 27732K, committed 27776K, reserved 1073152K
  class space    used 3298K, capacity 3696K, committed 3712K, reserved 1048576K
}
Event: 32.440 GC heap after
{Heap after GC invocations=18 (full 0):
 garbage-first heap   total 134144K, used 85233K [0x0000000740000000, 0x0000000740100418, 0x00000007c0000000)
  region size 1024K, 2 young (2048K), 2 survivors (2048K)
 Metaspace       used 25555K, capacity 27732K, committed 27776K, reserved 1073152K
  class space    used 3298K, capacity 3696K, committed 3712K, reserved 1048576K
}
Event: 32.472 GC heap before
{Heap before GC invocations=19 (full 0):
 garbage-first heap   total 134144K, used 92401K [0x0000000740000000, 0x0000000740100418, 0x00000007c0000000)
  region size 1024K, 3 young (3072K), 2 survivors (2048K)
 Metaspace       used 25556K, capacity 27732K, committed 27776K, reserved 1073152K
  class space    used 3298K, capacity 3696K, committed 3712K, reserved 1048576K
}
Event: 32.475 GC heap after
{Heap after GC invocations=20 (full 0):
 garbage-first heap   total 134144K, used 92402K [0x0000000740000000, 0x0000000740100418, 0x00000007c0000000)
  region size 1024K, 2 young (2048K), 2 survivors (2048K)
 Metaspace       used 25556K, capacity 27732K, committed 27776K, reserved 1073152K
  class space    used 3298K, capacity 3696K, committed 3712K, reserved 1048576K
}
Event: 32.507 GC heap before
{Heap before GC invocations=21 (full 0):
 garbage-first heap   total 134144K, used 97522K [0x0000000740000000, 0x0000000740100418, 0x00000007c0000000)
  region size 1024K, 3 young (3072K), 2 survivors (2048K)
 Metaspace       used 25569K, capacity 27764K, committed 27904K, reserved 1073152K
  class space    used 3299K, capacity 3728K, committed 3840K, reserved 1048576K
}
Event: 32.508 GC heap after
{Heap after GC invocations=22 (full 0):
 garbage-first heap   total 134144K, used 98213K [0x0000000740000000, 0x0000000740100418, 0x00000007c0000000)
  region size 1024K, 2 young (2048K), 2 survivors (2048K)
 Metaspace       used 25569K, capacity 27764K, committed 27904K, reserved 1073152K
  class space    used 3299K, capacity 3728K, committed 3840K, reserved 1048576K
}
Event: 32.550 GC heap before
{Heap before GC invocations=23 (full 0):
 garbage-first heap   total 134144K, used 102309K [0x0000000740000000, 0x0000000740100418, 0x00000007c0000000)
  region size 1024K, 3 young (3072K), 2 survivors (2048K)
 Metaspace       used 25578K, capacity 27764K, committed 27904K, reserved 1073152K
  class space    used 3300K, capacity 3728K, committed 3840K, reserved 1048576K
}
Event: 32.553 GC heap after
{Heap after GC invocations=24 (full 0):
 garbage-first heap   total 134144K, used 102375K [0x0000000740000000, 0x0000000740100418, 0x00000007c0000000)
  region size 1024K, 1 young (1024K), 1 survivors (1024K)
 Metaspace       used 25578K, capacity 27764K, committed 27904K, reserved 1073152K
  class space    used 3300K, capacity 3728K, committed 3840K, reserved 1048576K
}

