# JRE version: Java(TM) SE Runtime Environment (9.0+11) (build 9.0.4+11)
# Java VM: Java HotSpot(TM) 64-Bit Server VM (9.0.4+11, mixed mode, tiered, compressed oops, g1 gc, bsd-amd64)
Heap:
 garbage-first heap   total 414720K, used 339099K [0x0000000740000000, 0x0000000740100ca8, 0x00000007c0000000)
  region size 1024K, 4 young (4096K), 2 survivors (2048K)
 Metaspace       used 26858K, capacity 30432K, committed 30592K, reserved 1075200K
  class space    used 3585K, capacity 4210K, committed 4224K, reserved 1048576K
GC Heap History (10 events):
Event: 16.533 GC heap before
{Heap before GC invocations=62 (full 0):
 garbage-first heap   total 414720K, used 300646K [0x0000000740000000, 0x0000000740100ca8, 0x00000007c0000000)
  region size 1024K, 3 young (3072K), 2 survivors (2048K)
 Metaspace       used 26749K, capacity 30332K, committed 30592K, reserved 1075200K
  class space    used 3577K, capacity 4204K, committed 4224K, reserved 1048576K
}
Event: 16.535 GC heap after
{Heap after GC invocations=63 (full 0):
 garbage-first heap   total 414720K, used 300758K [0x0000000740000000, 0x0000000740100ca8, 0x00000007c0000000)
  region size 1024K, 2 young (2048K), 2 survivors (2048K)
 Metaspace       used 26749K, capacity 30332K, committed 30592K, reserved 1075200K
  class space    used 3577K, capacity 4204K, committed 4224K, reserved 1048576K
}
Event: 16.565 GC heap before
{Heap before GC invocations=64 (full 0):
 garbage-first heap   total 414720K, used 306902K [0x0000000740000000, 0x0000000740100ca8, 0x00000007c0000000)
  region size 1024K, 3 young (3072K), 2 survivors (2048K)
 Metaspace       used 26750K, capacity 30332K, committed 30592K, reserved 1075200K
  class space    used 3577K, capacity 4204K, committed 4224K, reserved 1048576K
}
Event: 16.567 GC heap after
{Heap after GC invocations=65 (full 0):
 garbage-first heap   total 414720K, used 306999K [0x0000000740000000, 0x0000000740100ca8, 0x00000007c0000000)
  region size 1024K, 2 young (2048K), 2 survivors (2048K)
 Metaspace       used 26750K, capacity 30332K, committed 30592K, reserved 1075200K
  class space    used 3577K, capacity 4204K, committed 4224K, reserved 1048576K
}
Event: 16.605 GC heap before
{Heap before GC invocations=66 (full 0):
 garbage-first heap   total 414720K, used 313143K [0x0000000740000000, 0x0000000740100ca8, 0x00000007c0000000)
  region size 1024K, 3 young (3072K), 2 survivors (2048K)
 Metaspace       used 26750K, capacity 30332K, committed 30592K, reserved 1075200K
  class space    used 3577K, capacity 4204K, committed 4224K, reserved 1048576K
}
Event: 16.607 GC heap after
{Heap after GC invocations=67 (full 0):
 garbage-first heap   total 414720K, used 313247K [0x0000000740000000, 0x0000000740100ca8, 0x00000007c0000000)
  region size 1024K, 3 young (3072K), 3 survivors (3072K)
 Metaspace       used 26750K, capacity 30332K, committed 30592K, reserved 1075200K
  class space    used 3577K, capacity 4204K, committed 4224K, reserved 1048576K
}
Event: 16.647 GC heap before
{Heap before GC invocations=68 (full 0):
 garbage-first heap   total 414720K, used 321439K [0x0000000740000000, 0x0000000740100ca8, 0x00000007c0000000)
  region size 1024K, 4 young (4096K), 3 survivors (3072K)
 Metaspace       used 26754K, capacity 30332K, committed 30592K, reserved 1075200K
  class space    used 3577K, capacity 4204K, committed 4224K, reserved 1048576K
}
Event: 16.650 GC heap after
{Heap after GC invocations=69 (full 0):
 garbage-first heap   total 414720K, used 321593K [0x0000000740000000, 0x0000000740100ca8, 0x00000007c0000000)
  region size 1024K, 2 young (2048K), 2 survivors (2048K)
 Metaspace       used 26754K, capacity 30332K, committed 30592K, reserved 1075200K
  class space    used 3577K, capacity 4204K, committed 4224K, reserved 1048576K
}
Event: 16.695 GC heap before
{Heap before GC invocations=70 (full 0):
 garbage-first heap   total 414720K, used 330809K [0x0000000740000000, 0x0000000740100ca8, 0x00000007c0000000)
  region size 1024K, 4 young (4096K), 2 survivors (2048K)
 Metaspace       used 26757K, capacity 30332K, committed 30592K, reserved 1075200K
  class space    used 3577K, capacity 4204K, committed 4224K, reserved 1048576K
}
Event: 16.697 GC heap after
{Heap after GC invocations=71 (full 0):
 garbage-first heap   total 414720K, used 329883K [0x0000000740000000, 0x0000000740100ca8, 0x00000007c0000000)
  region size 1024K, 2 young (2048K), 2 survivors (2048K)
 Metaspace       used 26757K, capacity 30332K, committed 30592K, reserved 1075200K
  class space    used 3577K, capacity 4204K, committed 4224K, reserved 1048576K
}

