# JRE version: Java(TM) SE Runtime Environment (9.0+11) (build 9.0.4+11)
# Java VM: Java HotSpot(TM) 64-Bit Server VM (9.0.4+11, mixed mode, tiered, compressed oops, g1 gc, bsd-amd64)
Heap:
 garbage-first heap   total 391168K, used 324551K [0x0000000740000000, 0x0000000740100bf0, 0x00000007c0000000)
  region size 1024K, 3 young (3072K), 2 survivors (2048K)
 Metaspace       used 26806K, capacity 30465K, committed 30720K, reserved 1075200K
  class space    used 3584K, capacity 4227K, committed 4352K, reserved 1048576K
GC Heap History (10 events):
Event: 17.168 GC heap before
{Heap before GC invocations=64 (full 0):
 garbage-first heap   total 391168K, used 293390K [0x0000000740000000, 0x0000000740100bf0, 0x00000007c0000000)
  region size 1024K, 3 young (3072K), 2 survivors (2048K)
 Metaspace       used 26748K, capacity 30379K, committed 30592K, reserved 1075200K
  class space    used 3580K, capacity 4224K, committed 4224K, reserved 1048576K
}
Event: 17.170 GC heap after
{Heap after GC invocations=65 (full 0):
 garbage-first heap   total 391168K, used 293466K [0x0000000740000000, 0x0000000740100bf0, 0x00000007c0000000)
  region size 1024K, 2 young (2048K), 2 survivors (2048K)
 Metaspace       used 26748K, capacity 30379K, committed 30592K, reserved 1075200K
  class space    used 3580K, capacity 4224K, committed 4224K, reserved 1048576K
}
Event: 17.202 GC heap before
{Heap before GC invocations=66 (full 0):
 garbage-first heap   total 391168K, used 299610K [0x0000000740000000, 0x0000000740100bf0, 0x00000007c0000000)
  region size 1024K, 3 young (3072K), 2 survivors (2048K)
 Metaspace       used 26749K, capacity 30379K, committed 30592K, reserved 1075200K
  class space    used 3580K, capacity 4224K, committed 4224K, reserved 1048576K
}
Event: 17.205 GC heap after
{Heap after GC invocations=67 (full 0):
 garbage-first heap   total 391168K, used 299708K [0x0000000740000000, 0x0000000740100bf0, 0x00000007c0000000)
  region size 1024K, 2 young (2048K), 2 survivors (2048K)
 Metaspace       used 26749K, capacity 30379K, committed 30592K, reserved 1075200K
  class space    used 3580K, capacity 4224K, committed 4224K, reserved 1048576K
}
Event: 17.246 GC heap before
{Heap before GC invocations=68 (full 0):
 garbage-first heap   total 391168K, used 307900K [0x0000000740000000, 0x0000000740100bf0, 0x00000007c0000000)
  region size 1024K, 3 young (3072K), 2 survivors (2048K)
 Metaspace       used 26751K, capacity 30379K, committed 30592K, reserved 1075200K
  class space    used 3580K, capacity 4224K, committed 4224K, reserved 1048576K
}
Event: 17.249 GC heap after
{Heap after GC invocations=69 (full 0):
 garbage-first heap   total 391168K, used 308012K [0x0000000740000000, 0x0000000740100bf0, 0x00000007c0000000)
  region size 1024K, 2 young (2048K), 2 survivors (2048K)
 Metaspace       used 26751K, capacity 30379K, committed 30592K, reserved 1075200K
  class space    used 3580K, capacity 4224K, committed 4224K, reserved 1048576K
}
Event: 17.275 GC heap before
{Heap before GC invocations=70 (full 0):
 garbage-first heap   total 391168K, used 312108K [0x0000000740000000, 0x0000000740100bf0, 0x00000007c0000000)
  region size 1024K, 3 young (3072K), 2 survivors (2048K)
 Metaspace       used 26752K, capacity 30379K, committed 30592K, reserved 1075200K
  class space    used 3580K, capacity 4224K, committed 4224K, reserved 1048576K
}
Event: 17.278 GC heap after
{Heap after GC invocations=71 (full 0):
 garbage-first heap   total 391168K, used 312182K [0x0000000740000000, 0x0000000740100bf0, 0x00000007c0000000)
  region size 1024K, 2 young (2048K), 2 survivors (2048K)
 Metaspace       used 26752K, capacity 30379K, committed 30592K, reserved 1075200K
  class space    used 3580K, capacity 4224K, committed 4224K, reserved 1048576K
}
Event: 17.325 GC heap before
{Heap before GC invocations=72 (full 0):
 garbage-first heap   total 391168K, used 320374K [0x0000000740000000, 0x0000000740100bf0, 0x00000007c0000000)
  region size 1024K, 3 young (3072K), 2 survivors (2048K)
 Metaspace       used 26754K, capacity 30379K, committed 30592K, reserved 1075200K
  class space    used 3580K, capacity 4224K, committed 4224K, reserved 1048576K
}
Event: 17.327 GC heap after
{Heap after GC invocations=73 (full 0):
 garbage-first heap   total 391168K, used 320455K [0x0000000740000000, 0x0000000740100bf0, 0x00000007c0000000)
  region size 1024K, 2 young (2048K), 2 survivors (2048K)
 Metaspace       used 26754K, capacity 30379K, committed 30592K, reserved 1075200K
  class space    used 3580K, capacity 4224K, committed 4224K, reserved 1048576K
}

