# JRE version: Java(TM) SE Runtime Environment (9.0+11) (build 9.0.4+11)
# Java VM: Java HotSpot(TM) 64-Bit Server VM (9.0.4+11, mixed mode, tiered, compressed oops, g1 gc, bsd-amd64)
Heap:
 garbage-first heap   total 384000K, used 278421K [0x0000000740000000, 0x0000000740100bb8, 0x00000007c0000000)
  region size 1024K, 20 young (20480K), 3 survivors (3072K)
 Metaspace       used 26652K, capacity 30307K, committed 30464K, reserved 1075200K
  class space    used 3575K, capacity 4230K, committed 4352K, reserved 1048576K
GC Heap History (10 events):
Event: 22.870 GC heap before
{Heap before GC invocations=51 (full 0):
 garbage-first heap   total 384000K, used 313672K [0x0000000740000000, 0x0000000740100bb8, 0x00000007c0000000)
  region size 1024K, 73 young (74752K), 5 survivors (5120K)
 Metaspace       used 26568K, capacity 30179K, committed 30464K, reserved 1075200K
  class space    used 3568K, capacity 4230K, committed 4352K, reserved 1048576K
}
Event: 22.875 GC heap after
{Heap after GC invocations=52 (full 0):
 garbage-first heap   total 384000K, used 244187K [0x0000000740000000, 0x0000000740100bb8, 0x00000007c0000000)
  region size 1024K, 5 young (5120K), 5 survivors (5120K)
 Metaspace       used 26568K, capacity 30179K, committed 30464K, reserved 1075200K
  class space    used 3568K, capacity 4230K, committed 4352K, reserved 1048576K
}
Event: 24.762 GC heap before
{Heap before GC invocations=53 (full 0):
 garbage-first heap   total 384000K, used 269787K [0x0000000740000000, 0x0000000740100bb8, 0x00000007c0000000)
  region size 1024K, 31 young (31744K), 5 survivors (5120K)
 Metaspace       used 26605K, capacity 30243K, committed 30464K, reserved 1075200K
  class space    used 3568K, capacity 4230K, committed 4352K, reserved 1048576K
}
Event: 24.767 GC heap after
{Heap after GC invocations=54 (full 0):
 garbage-first heap   total 384000K, used 243805K [0x0000000740000000, 0x0000000740100bb8, 0x00000007c0000000)
  region size 1024K, 5 young (5120K), 5 survivors (5120K)
 Metaspace       used 26605K, capacity 30243K, committed 30464K, reserved 1075200K
  class space    used 3568K, capacity 4230K, committed 4352K, reserved 1048576K
}
Event: 24.800 GC heap before
{Heap before GC invocations=55 (full 0):
 garbage-first heap   total 384000K, used 250973K [0x0000000740000000, 0x0000000740100bb8, 0x00000007c0000000)
  region size 1024K, 6 young (6144K), 5 survivors (5120K)
 Metaspace       used 26606K, capacity 30243K, committed 30464K, reserved 1075200K
  class space    used 3568K, capacity 4230K, committed 4352K, reserved 1048576K
}
Event: 24.805 GC heap after
{Heap after GC invocations=56 (full 0):
 garbage-first heap   total 384000K, used 251012K [0x0000000740000000, 0x0000000740100bb8, 0x00000007c0000000)
  region size 1024K, 5 young (5120K), 5 survivors (5120K)
 Metaspace       used 26606K, capacity 30243K, committed 30464K, reserved 1075200K
  class space    used 3568K, capacity 4230K, committed 4352K, reserved 1048576K
}
Event: 24.836 GC heap before
{Heap before GC invocations=57 (full 0):
 garbage-first heap   total 384000K, used 256132K [0x0000000740000000, 0x0000000740100bb8, 0x00000007c0000000)
  region size 1024K, 7 young (7168K), 5 survivors (5120K)
 Metaspace       used 26618K, capacity 30243K, committed 30464K, reserved 1075200K
  class space    used 3571K, capacity 4230K, committed 4352K, reserved 1048576K
}
Event: 24.840 GC heap after
{Heap after GC invocations=58 (full 0):
 garbage-first heap   total 384000K, used 256168K [0x0000000740000000, 0x0000000740100bb8, 0x00000007c0000000)
  region size 1024K, 6 young (6144K), 6 survivors (6144K)
 Metaspace       used 26618K, capacity 30243K, committed 30464K, reserved 1075200K
  class space    used 3571K, capacity 4230K, committed 4352K, reserved 1048576K
}
Event: 24.880 GC heap before
{Heap before GC invocations=59 (full 0):
 garbage-first heap   total 384000K, used 260264K [0x0000000740000000, 0x0000000740100bb8, 0x00000007c0000000)
  region size 1024K, 7 young (7168K), 6 survivors (6144K)
 Metaspace       used 26624K, capacity 30307K, committed 30464K, reserved 1075200K
  class space    used 3572K, capacity 4230K, committed 4352K, reserved 1048576K
}
Event: 24.885 GC heap after
{Heap after GC invocations=60 (full 0):
 garbage-first heap   total 384000K, used 259989K [0x0000000740000000, 0x0000000740100bb8, 0x00000007c0000000)
  region size 1024K, 3 young (3072K), 3 survivors (3072K)
 Metaspace       used 26624K, capacity 30307K, committed 30464K, reserved 1075200K
  class space    used 3572K, capacity 4230K, committed 4352K, reserved 1048576K
}

