# JRE version: Java(TM) SE Runtime Environment (9.0+11) (build 9.0.4+11)
# Java VM: Java HotSpot(TM) 64-Bit Server VM (9.0.4+11, mixed mode, tiered, compressed oops, g1 gc, bsd-amd64)
Heap:
 garbage-first heap   total 415744K, used 336583K [0x0000000740000000, 0x0000000740100cb0, 0x00000007c0000000)
  region size 1024K, 5 young (5120K), 3 survivors (3072K)
 Metaspace       used 27085K, capacity 30638K, committed 30848K, reserved 1075200K
  class space    used 3588K, capacity 4211K, committed 4224K, reserved 1048576K
GC Heap History (10 events):
Event: 22.447 GC heap before
{Heap before GC invocations=72 (full 0):
 garbage-first heap   total 415744K, used 306452K [0x0000000740000000, 0x0000000740100cb0, 0x00000007c0000000)
  region size 1024K, 4 young (4096K), 3 survivors (3072K)
 Metaspace       used 27015K, capacity 30556K, committed 30592K, reserved 1075200K
  class space    used 3582K, capacity 4208K, committed 4224K, reserved 1048576K
}
Event: 22.451 GC heap after
{Heap after GC invocations=73 (full 0):
 garbage-first heap   total 415744K, used 306629K [0x0000000740000000, 0x0000000740100cb0, 0x00000007c0000000)
  region size 1024K, 3 young (3072K), 3 survivors (3072K)
 Metaspace       used 27015K, capacity 30556K, committed 30592K, reserved 1075200K
  class space    used 3582K, capacity 4208K, committed 4224K, reserved 1048576K
}
Event: 22.484 GC heap before
{Heap before GC invocations=74 (full 0):
 garbage-first heap   total 415744K, used 312773K [0x0000000740000000, 0x0000000740100cb0, 0x00000007c0000000)
  region size 1024K, 4 young (4096K), 3 survivors (3072K)
 Metaspace       used 27019K, capacity 30556K, committed 30592K, reserved 1075200K
  class space    used 3582K, capacity 4208K, committed 4224K, reserved 1048576K
}
Event: 22.486 GC heap after
{Heap after GC invocations=75 (full 0):
 garbage-first heap   total 415744K, used 312865K [0x0000000740000000, 0x0000000740100cb0, 0x00000007c0000000)
  region size 1024K, 3 young (3072K), 3 survivors (3072K)
 Metaspace       used 27019K, capacity 30556K, committed 30592K, reserved 1075200K
  class space    used 3582K, capacity 4208K, committed 4224K, reserved 1048576K
}
Event: 22.520 GC heap before
{Heap before GC invocations=76 (full 0):
 garbage-first heap   total 415744K, used 320033K [0x0000000740000000, 0x0000000740100cb0, 0x00000007c0000000)
  region size 1024K, 5 young (5120K), 3 survivors (3072K)
 Metaspace       used 27023K, capacity 30556K, committed 30592K, reserved 1075200K
  class space    used 3582K, capacity 4208K, committed 4224K, reserved 1048576K
}
Event: 22.522 GC heap after
{Heap after GC invocations=77 (full 0):
 garbage-first heap   total 415744K, used 319118K [0x0000000740000000, 0x0000000740100cb0, 0x00000007c0000000)
  region size 1024K, 3 young (3072K), 3 survivors (3072K)
 Metaspace       used 27023K, capacity 30556K, committed 30592K, reserved 1075200K
  class space    used 3582K, capacity 4208K, committed 4224K, reserved 1048576K
}
Event: 22.550 GC heap before
{Heap before GC invocations=78 (full 0):
 garbage-first heap   total 415744K, used 323214K [0x0000000740000000, 0x0000000740100cb0, 0x00000007c0000000)
  region size 1024K, 4 young (4096K), 3 survivors (3072K)
 Metaspace       used 27028K, capacity 30620K, committed 30848K, reserved 1075200K
  class space    used 3582K, capacity 4208K, committed 4224K, reserved 1048576K
}
Event: 22.552 GC heap after
{Heap after GC invocations=79 (full 0):
 garbage-first heap   total 415744K, used 323209K [0x0000000740000000, 0x0000000740100cb0, 0x00000007c0000000)
  region size 1024K, 3 young (3072K), 3 survivors (3072K)
 Metaspace       used 27028K, capacity 30620K, committed 30848K, reserved 1075200K
  class space    used 3582K, capacity 4208K, committed 4224K, reserved 1048576K
}
Event: 22.594 GC heap before
{Heap before GC invocations=80 (full 0):
 garbage-first heap   total 415744K, used 332425K [0x0000000740000000, 0x0000000740100cb0, 0x00000007c0000000)
  region size 1024K, 5 young (5120K), 3 survivors (3072K)
 Metaspace       used 27029K, capacity 30620K, committed 30848K, reserved 1075200K
  class space    used 3582K, capacity 4208K, committed 4224K, reserved 1048576K
}
Event: 22.596 GC heap after
{Heap after GC invocations=81 (full 0):
 garbage-first heap   total 415744K, used 331463K [0x0000000740000000, 0x0000000740100cb0, 0x00000007c0000000)
  region size 1024K, 3 young (3072K), 3 survivors (3072K)
 Metaspace       used 27029K, capacity 30620K, committed 30848K, reserved 1075200K
  class space    used 3582K, capacity 4208K, committed 4224K, reserved 1048576K
}

